0 info it worked if it ends with ok
1 verbose cli [ '/usr/local/Cellar/node/6.3.1/bin/node',
1 verbose cli   '/usr/local/bin/npm',
1 verbose cli   'start' ]
2 info using npm@3.10.3
3 info using node@v6.3.1
4 verbose run-script [ 'prestart', 'start', 'poststart' ]
5 info lifecycle ElectronSimpleApp@0.1.0~prestart: ElectronSimpleApp@0.1.0
6 silly lifecycle ElectronSimpleApp@0.1.0~prestart: no script for prestart, continuing
7 info lifecycle ElectronSimpleApp@0.1.0~start: ElectronSimpleApp@0.1.0
8 verbose lifecycle ElectronSimpleApp@0.1.0~start: unsafe-perm in lifecycle true
9 verbose lifecycle ElectronSimpleApp@0.1.0~start: PATH: /usr/local/lib/node_modules/npm/bin/node-gyp-bin:/Users/clararichter/xworkspace/Charcoal/RealAppAnalysis/ElectronSimpleApp/node_modules/.bin:/usr/local/Cellar/node/6.3.1/bin:/usr/local/bin:/usr/bin:/bin:/usr/sbin:/sbin:/Library/TeX/texbin
10 verbose lifecycle ElectronSimpleApp@0.1.0~start: CWD: /Users/clararichter/xworkspace/Charcoal/RealAppAnalysis/ElectronSimpleApp
11 silly lifecycle ElectronSimpleApp@0.1.0~start: Args: [ '-c', 'electron .' ]
12 silly lifecycle ElectronSimpleApp@0.1.0~start: Returned: code: 1  signal: null
13 info lifecycle ElectronSimpleApp@0.1.0~start: Failed to exec start script
14 verbose stack Error: ElectronSimpleApp@0.1.0 start: `electron .`
14 verbose stack Exit status 1
14 verbose stack     at EventEmitter.<anonymous> (/usr/local/lib/node_modules/npm/lib/utils/lifecycle.js:242:16)
14 verbose stack     at emitTwo (events.js:106:13)
14 verbose stack     at EventEmitter.emit (events.js:191:7)
14 verbose stack     at ChildProcess.<anonymous> (/usr/local/lib/node_modules/npm/lib/utils/spawn.js:40:14)
14 verbose stack     at emitTwo (events.js:106:13)
14 verbose stack     at ChildProcess.emit (events.js:191:7)
14 verbose stack     at maybeClose (internal/child_process.js:852:16)
14 verbose stack     at Process.ChildProcess._handle.onexit (internal/child_process.js:215:5)
15 verbose pkgid ElectronSimpleApp@0.1.0
16 verbose cwd /Users/clararichter/xworkspace/Charcoal/RealAppAnalysis/ElectronSimpleApp
17 error Darwin 15.6.0
18 error argv "/usr/local/Cellar/node/6.3.1/bin/node" "/usr/local/bin/npm" "start"
19 error node v6.3.1
20 error npm  v3.10.3
21 error code ELIFECYCLE
22 error ElectronSimpleApp@0.1.0 start: `electron .`
22 error Exit status 1
23 error Failed at the ElectronSimpleApp@0.1.0 start script 'electron .'.
23 error Make sure you have the latest version of node.js and npm installed.
23 error If you do, this is most likely a problem with the ElectronSimpleApp package,
23 error not with npm itself.
23 error Tell the author that this fails on your system:
23 error     electron .
23 error You can get information on how to open an issue for this project with:
23 error     npm bugs ElectronSimpleApp
23 error Or if that isn't available, you can get their info via:
23 error     npm owner ls ElectronSimpleApp
23 error There is likely additional logging output above.
24 verbose exit [ 1, true ]
